

Started GET "/?callback=jsonCallback&ques=how+is+the+weather+today&_=1452084990984" for 127.0.0.1 at 2016-01-06 18:48:35 +0530
Connecting to database specified by database.yml
Processing by ApplicationController#load_samantha as */*
  Parameters: {"callback"=>"jsonCallback", "ques"=>"how is the weather today", "_"=>"1452084990984"}
Completed 200 OK in 5373.7ms (Views: 0.1ms | ActiveRecord: 0.0ms)


Started GET "/?callback=jsonCallback&ques=2*3&_=1452084990985" for 127.0.0.1 at 2016-01-06 18:50:32 +0530
Processing by ApplicationController#load_samantha as */*
  Parameters: {"callback"=>"jsonCallback", "ques"=>"2*3", "_"=>"1452084990985"}
Completed 200 OK in 9.3ms (Views: 0.2ms | ActiveRecord: 0.0ms)


Started GET "/?callback=jsonCallback&ques=+3%2B3&_=1452084990986" for 127.0.0.1 at 2016-01-06 18:50:40 +0530
Processing by ApplicationController#load_samantha as */*
  Parameters: {"callback"=>"jsonCallback", "ques"=>" 3+3", "_"=>"1452084990986"}
Completed 200 OK in 10.6ms (Views: 0.1ms | ActiveRecord: 0.0ms)


Started GET "/?callback=jsonCallback&ques=calculate+3*4&_=1452084990987" for 127.0.0.1 at 2016-01-06 18:51:01 +0530
Processing by ApplicationController#load_samantha as */*
  Parameters: {"callback"=>"jsonCallback", "ques"=>"calculate 3*4", "_"=>"1452084990987"}
Completed 200 OK in 1.2ms (Views: 0.1ms | ActiveRecord: 0.0ms)


Started GET "/?callback=jsonCallback&ques=calculate+43%2F3&_=1452084990988" for 127.0.0.1 at 2016-01-06 18:51:12 +0530
Processing by ApplicationController#load_samantha as */*
  Parameters: {"callback"=>"jsonCallback", "ques"=>"calculate 43/3", "_"=>"1452084990988"}
Completed 200 OK in 1.5ms (Views: 0.1ms | ActiveRecord: 0.0ms)


Started GET "/?callback=jsonCallback&ques=evalute+4%5E7&_=1452084990989" for 127.0.0.1 at 2016-01-06 18:51:53 +0530
Processing by ApplicationController#load_samantha as */*
  Parameters: {"callback"=>"jsonCallback", "ques"=>"evalute 4^7", "_"=>"1452084990989"}
Completed 200 OK in 0.8ms (Views: 0.0ms | ActiveRecord: 0.0ms)


Started GET "/?callback=jsonCallback&ques=calculate+3+to+the+power+5&_=1452084990990" for 127.0.0.1 at 2016-01-06 18:52:20 +0530
Processing by ApplicationController#load_samantha as */*
  Parameters: {"callback"=>"jsonCallback", "ques"=>"calculate 3 to the power 5", "_"=>"1452084990990"}
Completed 200 OK in 0.8ms (Views: 0.0ms | ActiveRecord: 0.0ms)


Started GET "/?callback=jsonCallback&ques=what+are+you&_=1452084990991" for 127.0.0.1 at 2016-01-06 18:53:19 +0530
Processing by ApplicationController#load_samantha as */*
  Parameters: {"callback"=>"jsonCallback", "ques"=>"what are you", "_"=>"1452084990991"}
Completed 200 OK in 1474.1ms (Views: 0.1ms | ActiveRecord: 0.0ms)


Started GET "/?callback=jsonCallback&ques=who+are+you&_=1452084990992" for 127.0.0.1 at 2016-01-06 18:54:25 +0530
Processing by ApplicationController#load_samantha as */*
  Parameters: {"callback"=>"jsonCallback", "ques"=>"who are you", "_"=>"1452084990992"}
Completed 200 OK in 1678838.4ms (Views: 0.1ms | ActiveRecord: 0.0ms)


Started GET "/?callback=jsonCallback&ques=what+is+you&_=1452084990993" for 127.0.0.1 at 2016-01-06 19:22:41 +0530
Processing by ApplicationController#load_samantha as */*
  Parameters: {"callback"=>"jsonCallback", "ques"=>"what is you", "_"=>"1452084990993"}
Completed 200 OK in 11905.1ms (Views: 0.2ms | ActiveRecord: 0.0ms)


Started GET "/?callback=jsonCallback&ques=what+are+you&_=1452084990994" for 127.0.0.1 at 2016-01-06 19:23:13 +0530
Processing by ApplicationController#load_samantha as */*
  Parameters: {"callback"=>"jsonCallback", "ques"=>"what are you", "_"=>"1452084990994"}
Completed 200 OK in 10363.9ms (Views: 0.2ms | ActiveRecord: 0.0ms)


Started GET "/?callback=jsonCallback&ques=what+are+you&_=1452084990995" for 127.0.0.1 at 2016-01-06 19:23:54 +0530
Connecting to database specified by database.yml
Processing by ApplicationController#load_samantha as */*
  Parameters: {"callback"=>"jsonCallback", "ques"=>"what are you", "_"=>"1452084990995"}
Completed 200 OK in 199794.8ms (Views: 0.2ms | ActiveRecord: 0.0ms)


Started GET "/?callback=jsonCallback&ques=what+are+you&_=1452084990996" for 127.0.0.1 at 2016-01-06 19:27:21 +0530
Processing by ApplicationController#load_samantha as */*
  Parameters: {"callback"=>"jsonCallback", "ques"=>"what are you", "_"=>"1452084990996"}
Completed 200 OK in 10701.8ms (Views: 0.1ms | ActiveRecord: 0.0ms)


Started GET "/?callback=jsonCallback&ques=what+is+modi&_=1452084990997" for 127.0.0.1 at 2016-01-06 19:27:53 +0530
Processing by ApplicationController#load_samantha as */*
  Parameters: {"callback"=>"jsonCallback", "ques"=>"what is modi", "_"=>"1452084990997"}
Completed 200 OK in 1250.3ms (Views: 0.1ms | ActiveRecord: 0.0ms)


Started GET "/?callback=jsonCallback&ques=what+is+modi&_=1452084990998" for 127.0.0.1 at 2016-01-06 19:28:11 +0530
Processing by ApplicationController#load_samantha as */*
  Parameters: {"callback"=>"jsonCallback", "ques"=>"what is modi", "_"=>"1452084990998"}
Completed 200 OK in 1099.2ms (Views: 0.1ms | ActiveRecord: 0.0ms)


Started GET "/?callback=jsonCallback&ques=who+is+gogoi&_=1452084990999" for 127.0.0.1 at 2016-01-06 19:28:22 +0530
Processing by ApplicationController#load_samantha as */*
  Parameters: {"callback"=>"jsonCallback", "ques"=>"who is gogoi", "_"=>"1452084990999"}
Completed 200 OK in 682.0ms (Views: 0.1ms | ActiveRecord: 0.0ms)


Started GET "/?callback=jsonCallback&ques=what+is+h3so4&_=1452084991000" for 127.0.0.1 at 2016-01-06 19:28:44 +0530
Processing by ApplicationController#load_samantha as */*
  Parameters: {"callback"=>"jsonCallback", "ques"=>"what is h3so4", "_"=>"1452084991000"}
Completed 200 OK in 594.6ms (Views: 0.1ms | ActiveRecord: 0.0ms)


Started GET "/?callback=jsonCallback&ques=what+are+mavens&_=1452084991001" for 127.0.0.1 at 2016-01-06 19:29:25 +0530
Processing by ApplicationController#load_samantha as */*
  Parameters: {"callback"=>"jsonCallback", "ques"=>"what are mavens", "_"=>"1452084991001"}
Completed 200 OK in 356.9ms (Views: 0.1ms | ActiveRecord: 0.0ms)


Started GET "/?callback=jsonCallback&ques=what+is+modi&_=1452084991002" for 127.0.0.1 at 2016-01-06 19:29:50 +0530
Processing by ApplicationController#load_samantha as */*
  Parameters: {"callback"=>"jsonCallback", "ques"=>"what is modi", "_"=>"1452084991002"}
Completed 200 OK in 1160.8ms (Views: 0.2ms | ActiveRecord: 0.0ms)


Started GET "/?callback=jsonCallback&ques=who+is+modi&_=1452084991003" for 127.0.0.1 at 2016-01-06 19:30:17 +0530
Processing by ApplicationController#load_samantha as */*
  Parameters: {"callback"=>"jsonCallback", "ques"=>"who is modi", "_"=>"1452084991003"}
Completed 200 OK in 603677.5ms (Views: 0.1ms | ActiveRecord: 0.0ms)


Started GET "/?callback=jsonCallback&ques=what+is+love&_=1452084991004" for 127.0.0.1 at 2016-01-06 19:40:21 +0530
Processing by ApplicationController#load_samantha as */*
  Parameters: {"callback"=>"jsonCallback", "ques"=>"what is love", "_"=>"1452084991004"}
Completed 200 OK in 10135.8ms (Views: 0.1ms | ActiveRecord: 0.0ms)


Started GET "/?callback=jsonCallback&ques=what+is+love&_=1452084991005" for 127.0.0.1 at 2016-01-06 19:40:45 +0530
Processing by ApplicationController#load_samantha as */*
  Parameters: {"callback"=>"jsonCallback", "ques"=>"what is love", "_"=>"1452084991005"}
Completed 200 OK in 23502.5ms (Views: 0.1ms | ActiveRecord: 0.0ms)


Started GET "/?callback=jsonCallback&ques=what+is+hate&_=1452084991006" for 127.0.0.1 at 2016-01-06 19:41:53 +0530
Processing by ApplicationController#load_samantha as */*
  Parameters: {"callback"=>"jsonCallback", "ques"=>"what is hate", "_"=>"1452084991006"}
Completed 200 OK in 4841.6ms (Views: 0.2ms | ActiveRecord: 0.0ms)


Started GET "/?callback=jsonCallback&ques=what+is+hate&_=1452084991007" for 127.0.0.1 at 2016-01-06 19:42:22 +0530
Processing by ApplicationController#load_samantha as */*
  Parameters: {"callback"=>"jsonCallback", "ques"=>"what is hate", "_"=>"1452084991007"}
Completed 200 OK in 111890.4ms (Views: 0.2ms | ActiveRecord: 0.0ms)


Started GET "/?callback=jsonCallback&ques=what+is+hate&_=1452084991008" for 127.0.0.1 at 2016-01-06 19:44:21 +0530
Processing by ApplicationController#load_samantha as */*
  Parameters: {"callback"=>"jsonCallback", "ques"=>"what is hate", "_"=>"1452084991008"}
Completed 200 OK in 424447.4ms (Views: 0.2ms | ActiveRecord: 0.0ms)


Started GET "/?callback=jsonCallback&ques=what+is+hatred&_=1452084991009" for 127.0.0.1 at 2016-01-06 19:51:34 +0530
Processing by ApplicationController#load_samantha as */*
  Parameters: {"callback"=>"jsonCallback", "ques"=>"what is hatred", "_"=>"1452084991009"}
Completed 200 OK in 1142.8ms (Views: 0.2ms | ActiveRecord: 0.0ms)


Started GET "/?callback=jsonCallback&ques=you%27re+so+good+good+good+news&_=1452084991010" for 127.0.0.1 at 2016-01-06 22:10:42 +0530
Processing by ApplicationController#load_samantha as */*
  Parameters: {"callback"=>"jsonCallback", "ques"=>"you're so good good good news", "_"=>"1452084991010"}
Completed 200 OK in 18.0ms (Views: 0.7ms | ActiveRecord: 0.0ms)


Started GET "/?callback=jsonCallback&ques=who+is+salman&_=1468009051738" for 127.0.0.1 at 2016-07-09 01:47:43 +0530
Connecting to database specified by database.yml
Processing by ApplicationController#load_samantha as */*
  Parameters: {"callback"=>"jsonCallback", "ques"=>"who is salman", "_"=>"1468009051738"}
Completed 200 OK in 2164.4ms (Views: 0.1ms | ActiveRecord: 0.0ms)


Started GET "/?callback=jsonCallback&ques=who+is+sachin+tendulkar&_=1468009076289" for 127.0.0.1 at 2016-07-09 01:48:10 +0530
Processing by ApplicationController#load_samantha as */*
  Parameters: {"callback"=>"jsonCallback", "ques"=>"who is sachin tendulkar", "_"=>"1468009076289"}
Completed 200 OK in 596.4ms (Views: 0.1ms | ActiveRecord: 0.0ms)


Started GET "/?callback=jsonCallback&ques=who+is+albert+einstien&_=1468009135315" for 127.0.0.1 at 2016-07-09 01:50:11 +0530
Processing by ApplicationController#load_samantha as */*
  Parameters: {"callback"=>"jsonCallback", "ques"=>"who is albert einstien", "_"=>"1468009135315"}
Completed 200 OK in 375.7ms (Views: 0.1ms | ActiveRecord: 0.0ms)


Started GET "/?callback=jsonCallback&ques=who+is+Albert+&_=1468009135316" for 127.0.0.1 at 2016-07-09 01:50:30 +0530
Processing by ApplicationController#load_samantha as */*
  Parameters: {"callback"=>"jsonCallback", "ques"=>"who is Albert ", "_"=>"1468009135316"}
Completed 200 OK in 7740.3ms (Views: 0.2ms | ActiveRecord: 0.0ms)


Started GET "/?callback=jsonCallback&ques=who+are+you&_=1468009135317" for 127.0.0.1 at 2016-07-09 01:51:50 +0530
Processing by ApplicationController#load_samantha as */*
  Parameters: {"callback"=>"jsonCallback", "ques"=>"who are you", "_"=>"1468009135317"}
Completed 200 OK in 6574.6ms (Views: 0.1ms | ActiveRecord: 0.0ms)


Started GET "/?callback=jsonCallback&ques=how+is+the+weather+in+New+Delhi&_=1468009135318" for 127.0.0.1 at 2016-07-09 01:55:18 +0530
Processing by ApplicationController#load_samantha as */*
  Parameters: {"callback"=>"jsonCallback", "ques"=>"how is the weather in New Delhi", "_"=>"1468009135318"}
Completed 200 OK in 634.5ms (Views: 0.1ms | ActiveRecord: 0.0ms)


Started GET "/?callback=jsonCallback&ques=how+is+the+weather+of+singapore&_=1468009135319" for 127.0.0.1 at 2016-07-09 01:55:34 +0530
Processing by ApplicationController#load_samantha as */*
  Parameters: {"callback"=>"jsonCallback", "ques"=>"how is the weather of singapore", "_"=>"1468009135319"}
Completed 200 OK in 761.6ms (Views: 0.1ms | ActiveRecord: 0.0ms)


Started GET "/" for 127.0.0.1 at 2016-11-08 01:43:07 +0530
Connecting to database specified by database.yml
Processing by ApplicationController#load_samantha as HTML
Completed 200 OK in 21.8ms (Views: 0.2ms | ActiveRecord: 0.0ms)


Started GET "/?callback=jsonCallback&ques=hello&_=1478549649359" for 127.0.0.1 at 2016-11-08 01:44:28 +0530
Processing by ApplicationController#load_samantha as */*
  Parameters: {"callback"=>"jsonCallback", "ques"=>"hello", "_"=>"1478549649359"}
Completed 200 OK in 6.8ms (Views: 0.1ms | ActiveRecord: 0.0ms)


Started GET "/?callback=jsonCallback&ques=how+are+you&_=1478549649360" for 127.0.0.1 at 2016-11-08 01:44:37 +0530
Processing by ApplicationController#load_samantha as */*
  Parameters: {"callback"=>"jsonCallback", "ques"=>"how are you", "_"=>"1478549649360"}
Completed 200 OK in 1.2ms (Views: 0.1ms | ActiveRecord: 0.0ms)


Started GET "/?callback=jsonCallback&ques=who+is+Donald+Trump&_=1478549649361" for 127.0.0.1 at 2016-11-08 01:45:41 +0530
Processing by ApplicationController#load_samantha as */*
  Parameters: {"callback"=>"jsonCallback", "ques"=>"who is Donald Trump", "_"=>"1478549649361"}
Completed 200 OK in 947.7ms (Views: 0.1ms | ActiveRecord: 0.0ms)


Started GET "/?callback=jsonCallback&ques=who+is+Malaria&_=1478549649362" for 127.0.0.1 at 2016-11-08 01:47:28 +0530
Processing by ApplicationController#load_samantha as */*
  Parameters: {"callback"=>"jsonCallback", "ques"=>"who is Malaria", "_"=>"1478549649362"}
Completed 200 OK in 1326.6ms (Views: 0.1ms | ActiveRecord: 0.0ms)


Started GET "/?callback=jsonCallback&ques=who+is+Virat+Kohli&_=1478549649363" for 127.0.0.1 at 2016-11-08 01:48:29 +0530
Processing by ApplicationController#load_samantha as */*
  Parameters: {"callback"=>"jsonCallback", "ques"=>"who is Virat Kohli", "_"=>"1478549649363"}
Completed 200 OK in 535.3ms (Views: 0.1ms | ActiveRecord: 0.0ms)


Started GET "/?callback=jsonCallback&ques=boy&_=1478550131502" for 127.0.0.1 at 2016-11-08 01:53:51 +0530
Processing by ApplicationController#load_samantha as */*
  Parameters: {"callback"=>"jsonCallback", "ques"=>"boy", "_"=>"1478550131502"}
Completed 200 OK in 1.0ms (Views: 0.1ms | ActiveRecord: 0.0ms)


Started GET "/?callback=jsonCallback&ques=who+is+Sachin&_=1478550131503" for 127.0.0.1 at 2016-11-08 01:54:01 +0530
Processing by ApplicationController#load_samantha as */*
  Parameters: {"callback"=>"jsonCallback", "ques"=>"who is Sachin", "_"=>"1478550131503"}
Completed 200 OK in 4063.1ms (Views: 0.1ms | ActiveRecord: 0.0ms)


Started GET "/?callback=jsonCallback&ques=who+is+Sachin+Tendulkar&_=1478550131504" for 127.0.0.1 at 2016-11-08 01:54:16 +0530
Processing by ApplicationController#load_samantha as */*
  Parameters: {"callback"=>"jsonCallback", "ques"=>"who is Sachin Tendulkar", "_"=>"1478550131504"}
Completed 200 OK in 755.1ms (Views: 0.1ms | ActiveRecord: 0.0ms)


Started GET "/?callback=jsonCallback&ques=where+is+India&_=1478550578626" for 127.0.0.1 at 2016-11-08 02:00:00 +0530
Processing by ApplicationController#load_samantha as */*
  Parameters: {"callback"=>"jsonCallback", "ques"=>"where is India", "_"=>"1478550578626"}
Completed 200 OK in 5177.5ms (Views: 0.1ms | ActiveRecord: 0.0ms)


Started GET "/?callback=jsonCallback&ques=who+is+Virat+Kohli&_=1478550578627" for 127.0.0.1 at 2016-11-08 02:00:32 +0530
Processing by ApplicationController#load_samantha as */*
  Parameters: {"callback"=>"jsonCallback", "ques"=>"who is Virat Kohli", "_"=>"1478550578627"}
Completed 200 OK in 502.3ms (Views: 0.1ms | ActiveRecord: 0.0ms)


Started GET "/?callback=jsonCallback&ques=hi&_=1478551785427" for 127.0.0.1 at 2016-11-08 02:19:56 +0530
Processing by ApplicationController#load_samantha as */*
  Parameters: {"callback"=>"jsonCallback", "ques"=>"hi", "_"=>"1478551785427"}
Completed 200 OK in 1.1ms (Views: 0.1ms | ActiveRecord: 0.0ms)


Started GET "/?callback=jsonCallback&ques=who+is+anil+kumble&_=1478551785428" for 127.0.0.1 at 2016-11-08 02:20:08 +0530
Processing by ApplicationController#load_samantha as */*
  Parameters: {"callback"=>"jsonCallback", "ques"=>"who is anil kumble", "_"=>"1478551785428"}
Completed 200 OK in 577.7ms (Views: 0.1ms | ActiveRecord: 0.0ms)


Started GET "/?callback=jsonCallback&ques=hi&_=1478552100312" for 127.0.0.1 at 2016-11-08 02:25:19 +0530
Processing by ApplicationController#load_samantha as */*
  Parameters: {"callback"=>"jsonCallback", "ques"=>"hi", "_"=>"1478552100312"}
Completed 200 OK in 0.9ms (Views: 0.0ms | ActiveRecord: 0.0ms)


Started GET "/?callback=jsonCallback&ques=who+is+Virat+Kohli&_=1478552100313" for 127.0.0.1 at 2016-11-08 02:25:31 +0530
Processing by ApplicationController#load_samantha as */*
  Parameters: {"callback"=>"jsonCallback", "ques"=>"who is Virat Kohli", "_"=>"1478552100313"}
Completed 200 OK in 521.5ms (Views: 0.1ms | ActiveRecord: 0.0ms)


Started GET "/?callback=jsonCallback&ques=hi&_=1478552328540" for 127.0.0.1 at 2016-11-08 02:29:27 +0530
Processing by ApplicationController#load_samantha as */*
  Parameters: {"callback"=>"jsonCallback", "ques"=>"hi", "_"=>"1478552328540"}
Completed 200 OK in 0.9ms (Views: 0.0ms | ActiveRecord: 0.0ms)


Started GET "/?callback=jsonCallback&ques=who+is+Sachin+Tendulkar&_=1478552328541" for 127.0.0.1 at 2016-11-08 02:29:36 +0530
Processing by ApplicationController#load_samantha as */*
  Parameters: {"callback"=>"jsonCallback", "ques"=>"who is Sachin Tendulkar", "_"=>"1478552328541"}
Completed 200 OK in 1352.1ms (Views: 0.1ms | ActiveRecord: 0.0ms)


Started GET "/?callback=jsonCallback&ques=who+is+Virat+Kohli&_=1478552461203" for 127.0.0.1 at 2016-11-08 02:31:08 +0530
Processing by ApplicationController#load_samantha as */*
  Parameters: {"callback"=>"jsonCallback", "ques"=>"who is Virat Kohli", "_"=>"1478552461203"}
Completed 200 OK in 474.3ms (Views: 0.1ms | ActiveRecord: 0.0ms)


Started GET "/?callback=jsonCallback&ques=what+is+water&_=1478552481808" for 127.0.0.1 at 2016-11-08 02:31:47 +0530
Processing by ApplicationController#load_samantha as */*
  Parameters: {"callback"=>"jsonCallback", "ques"=>"what is water", "_"=>"1478552481808"}
Completed 200 OK in 5194.4ms (Views: 0.1ms | ActiveRecord: 0.0ms)
